<?xml version="1.0" encoding="UTF-8"?>
<testng-results ignored="0" total="1" passed="1" failed="0" skipped="0">
  <reporter-output>
  </reporter-output>
  <suite started-at="2021-01-16T01:55:52Z" name="Default suite" finished-at="2021-01-16T01:55:59Z" duration-ms="6881">
    <groups>
    </groups>
    <test started-at="2021-01-16T01:55:52Z" name="Default test" finished-at="2021-01-16T01:55:59Z" duration-ms="6881">
      <class name="com.sand.automation.testobjects.LoginPageTest">
        <test-method signature="logintest()[pri:0, instance:com.sand.automation.testobjects.LoginPageTest@51850751]" started-at="2021-01-16T01:55:52Z" name="logintest" finished-at="2021-01-16T01:55:59Z" duration-ms="6851" status="PASS">
          <reporter-output>
          </reporter-output>
        </test-method> <!-- logintest -->
      </class> <!-- com.sand.automation.testobjects.LoginPageTest -->
    </test> <!-- Default test -->
  </suite> <!-- Default suite -->
</testng-results>
